<?xml version="1.0" encoding="UTF-8"?>
<!-- Generated by org.testng.reporters.JUnitReportReporter -->
<testsuite hostname="DESKTOP-9QJFTD7" failures="0" tests="2" name="tests.testing2" time="0.003" errors="0" timestamp="2024-01-08T20:06:49 EST" skipped="0">
  <testcase classname="tests.testing2" name="test5" time="0.001"/>
  <testcase classname="tests.testing2" name="test4" time="0.002"/>
</testsuite> <!-- tests.testing2 -->
