<?xml version="1.0" encoding="UTF-8"?>
<!-- Generated by org.testng.reporters.JUnitReportReporter -->
<testsuite hostname="DESKTOP-9QJFTD7" failures="0" tests="3" name="tests.NewTest" time="0.016" errors="0" timestamp="2024-01-08T20:06:49 EST" skipped="0">
  <testcase classname="tests.NewTest" name="test2" time="0.002"/>
  <testcase classname="tests.NewTest" name="test3" time="0.003"/>
  <testcase classname="tests.NewTest" name="test1" time="0.011"/>
</testsuite> <!-- tests.NewTest -->
